09:25:22 INFO  : Registering command handlers for SDK TCF services
09:25:22 INFO  : Launching XSCT server: xsct.bat -interactive P:\Johsul_harkka\temp_xsdb_launch_script.tcl
09:25:24 INFO  : XSCT server has started successfully.
09:25:24 INFO  : Successfully done setting XSCT server connection channel  
09:25:28 INFO  : Successfully done setting SDK workspace  
12:35:20 INFO  : Registering command handlers for SDK TCF services
12:35:21 INFO  : Launching XSCT server: xsct.bat -interactive C:\Temp\updated_harkka_josu\Johsul_harkka\temp_xsdb_launch_script.tcl
12:35:24 INFO  : XSCT server has started successfully.
12:35:31 INFO  : Successfully done setting XSCT server connection channel  
12:35:31 INFO  : Successfully done setting SDK workspace  
12:35:49 INFO  : Connected to target on host '127.0.0.1' and port '3121'.
12:35:50 INFO  : Jtag cable 'Xilinx PYNQ-Z1 003017A4CE32A' is selected.
12:35:51 INFO  : 'jtag frequency' command is executed.
12:35:51 INFO  : Sourcing of 'C:/Temp/updated_harkka_josu/Johsul_harkka/Exercise/ps7_init.tcl' is done.
12:35:51 INFO  : Context for 'APU' is selected.
12:35:51 INFO  : System reset is completed.
12:35:54 INFO  : 'after 3000' command is executed.
12:35:55 INFO  : 'targets -set -filter {jtag_cable_name =~ "Xilinx PYNQ-Z1 003017A4CE32A" && level==0} -index 1' command is executed.
12:35:57 INFO  : FPGA configured successfully with bitstream "C:/Temp/updated_harkka_josu/Johsul_harkka/Exercise/top.bit"
12:35:58 INFO  : Context for 'APU' is selected.
12:35:58 INFO  : Hardware design information is loaded from 'C:/Temp/updated_harkka_josu/Johsul_harkka/Exercise/system.hdf'.
12:35:58 INFO  : 'configparams force-mem-access 1' command is executed.
12:35:58 INFO  : Context for 'APU' is selected.
12:35:59 INFO  : 'ps7_init' command is executed.
12:35:59 INFO  : 'ps7_post_config' command is executed.
12:35:59 INFO  : Context for processor 'ps7_cortexa9_0' is selected.
12:35:59 INFO  : The application 'C:/Temp/updated_harkka_josu/Johsul_harkka/Embedded_Exercise_normal/Debug/Embedded_Exercise_normal.elf' is downloaded to processor 'ps7_cortexa9_0'.
12:36:00 INFO  : 'configparams force-mem-access 0' command is executed.
12:36:00 INFO  : ----------------XSDB Script----------------
connect -url tcp:127.0.0.1:3121
source C:/Temp/updated_harkka_josu/Johsul_harkka/Exercise/ps7_init.tcl
targets -set -nocase -filter {name =~"APU*" && jtag_cable_name =~ "Xilinx PYNQ-Z1 003017A4CE32A"} -index 0
rst -system
after 3000
targets -set -filter {jtag_cable_name =~ "Xilinx PYNQ-Z1 003017A4CE32A" && level==0} -index 1
fpga -file C:/Temp/updated_harkka_josu/Johsul_harkka/Exercise/top.bit
targets -set -nocase -filter {name =~"APU*" && jtag_cable_name =~ "Xilinx PYNQ-Z1 003017A4CE32A"} -index 0
loadhw -hw C:/Temp/updated_harkka_josu/Johsul_harkka/Exercise/system.hdf -mem-ranges [list {0x40000000 0xbfffffff}]
configparams force-mem-access 1
targets -set -nocase -filter {name =~"APU*" && jtag_cable_name =~ "Xilinx PYNQ-Z1 003017A4CE32A"} -index 0
ps7_init
ps7_post_config
targets -set -nocase -filter {name =~ "ARM*#0" && jtag_cable_name =~ "Xilinx PYNQ-Z1 003017A4CE32A"} -index 0
dow C:/Temp/updated_harkka_josu/Johsul_harkka/Embedded_Exercise_normal/Debug/Embedded_Exercise_normal.elf
configparams force-mem-access 0
----------------End of Script----------------

12:36:00 INFO  : Memory regions updated for context APU
12:36:00 INFO  : Context for processor 'ps7_cortexa9_0' is selected.
12:36:00 INFO  : 'con' command is executed.
12:36:00 INFO  : ----------------XSDB Script (After Launch)----------------
targets -set -nocase -filter {name =~ "ARM*#0" && jtag_cable_name =~ "Xilinx PYNQ-Z1 003017A4CE32A"} -index 0
con
----------------End of Script----------------

12:36:00 INFO  : Launch script is exported to file 'C:\Temp\updated_harkka_josu\Johsul_harkka\.sdk\launch_scripts\xilinx_c-c++_application_(system_debugger)\system_debugger_using_debug_embedded_exercise_normal.elf_on_local.tcl'
12:37:44 INFO  : Disconnected from the channel tcfchan#1.
12:37:45 INFO  : Connected to target on host '127.0.0.1' and port '3121'.
12:37:46 INFO  : Jtag cable 'Xilinx PYNQ-Z1 003017A4CE32A' is selected.
12:37:46 INFO  : 'jtag frequency' command is executed.
12:37:46 INFO  : Sourcing of 'C:/Temp/updated_harkka_josu/Johsul_harkka/Exercise/ps7_init.tcl' is done.
12:37:46 INFO  : Context for 'APU' is selected.
12:37:46 INFO  : System reset is completed.
12:37:49 INFO  : 'after 3000' command is executed.
12:37:49 INFO  : 'targets -set -filter {jtag_cable_name =~ "Xilinx PYNQ-Z1 003017A4CE32A" && level==0} -index 1' command is executed.
12:37:51 INFO  : FPGA configured successfully with bitstream "C:/Temp/updated_harkka_josu/Johsul_harkka/Exercise/top.bit"
12:37:52 INFO  : Context for 'APU' is selected.
12:37:54 INFO  : Hardware design information is loaded from 'C:/Temp/updated_harkka_josu/Johsul_harkka/Exercise/system.hdf'.
12:37:54 INFO  : 'configparams force-mem-access 1' command is executed.
12:37:54 INFO  : Context for 'APU' is selected.
12:37:55 INFO  : 'ps7_init' command is executed.
12:37:55 INFO  : 'ps7_post_config' command is executed.
12:37:55 INFO  : Context for processor 'ps7_cortexa9_0' is selected.
12:37:55 INFO  : The application 'C:/Temp/updated_harkka_josu/Johsul_harkka/Embedded_Exercise_normal/Debug/Embedded_Exercise_normal.elf' is downloaded to processor 'ps7_cortexa9_0'.
12:37:55 INFO  : 'configparams force-mem-access 0' command is executed.
12:37:55 INFO  : ----------------XSDB Script----------------
connect -url tcp:127.0.0.1:3121
source C:/Temp/updated_harkka_josu/Johsul_harkka/Exercise/ps7_init.tcl
targets -set -nocase -filter {name =~"APU*" && jtag_cable_name =~ "Xilinx PYNQ-Z1 003017A4CE32A"} -index 0
rst -system
after 3000
targets -set -filter {jtag_cable_name =~ "Xilinx PYNQ-Z1 003017A4CE32A" && level==0} -index 1
fpga -file C:/Temp/updated_harkka_josu/Johsul_harkka/Exercise/top.bit
targets -set -nocase -filter {name =~"APU*" && jtag_cable_name =~ "Xilinx PYNQ-Z1 003017A4CE32A"} -index 0
loadhw -hw C:/Temp/updated_harkka_josu/Johsul_harkka/Exercise/system.hdf -mem-ranges [list {0x40000000 0xbfffffff}]
configparams force-mem-access 1
targets -set -nocase -filter {name =~"APU*" && jtag_cable_name =~ "Xilinx PYNQ-Z1 003017A4CE32A"} -index 0
ps7_init
ps7_post_config
targets -set -nocase -filter {name =~ "ARM*#0" && jtag_cable_name =~ "Xilinx PYNQ-Z1 003017A4CE32A"} -index 0
dow C:/Temp/updated_harkka_josu/Johsul_harkka/Embedded_Exercise_normal/Debug/Embedded_Exercise_normal.elf
configparams force-mem-access 0
----------------End of Script----------------

12:37:55 INFO  : Memory regions updated for context APU
12:37:55 INFO  : Context for processor 'ps7_cortexa9_0' is selected.
12:37:55 INFO  : 'con' command is executed.
12:37:55 INFO  : ----------------XSDB Script (After Launch)----------------
targets -set -nocase -filter {name =~ "ARM*#0" && jtag_cable_name =~ "Xilinx PYNQ-Z1 003017A4CE32A"} -index 0
con
----------------End of Script----------------

12:37:55 INFO  : Launch script is exported to file 'C:\Temp\updated_harkka_josu\Johsul_harkka\.sdk\launch_scripts\xilinx_c-c++_application_(system_debugger)\system_debugger_using_debug_embedded_exercise_normal.elf_on_local.tcl'
10:25:29 INFO  : Disconnected from the channel tcfchan#2.
10:25:30 INFO  : Connected to target on host '127.0.0.1' and port '3121'.
10:25:31 INFO  : Jtag cable 'Xilinx PYNQ-Z1 003017A4CE32A' is selected.
10:25:31 INFO  : 'jtag frequency' command is executed.
10:25:31 INFO  : Sourcing of 'C:/Temp/updated_harkka_josu/Johsul_harkka/Exercise/ps7_init.tcl' is done.
10:25:31 INFO  : Context for 'APU' is selected.
10:25:31 INFO  : System reset is completed.
10:25:34 INFO  : 'after 3000' command is executed.
10:25:34 INFO  : 'targets -set -filter {jtag_cable_name =~ "Xilinx PYNQ-Z1 003017A4CE32A" && level==0} -index 1' command is executed.
10:25:36 INFO  : FPGA configured successfully with bitstream "C:/Temp/updated_harkka_josu/Johsul_harkka/Exercise/top.bit"
10:25:37 INFO  : Context for 'APU' is selected.
10:25:39 INFO  : Hardware design information is loaded from 'C:/Temp/updated_harkka_josu/Johsul_harkka/Exercise/system.hdf'.
10:25:39 INFO  : 'configparams force-mem-access 1' command is executed.
10:25:39 INFO  : Context for 'APU' is selected.
10:25:39 INFO  : 'ps7_init' command is executed.
10:25:39 INFO  : 'ps7_post_config' command is executed.
10:25:39 INFO  : Context for processor 'ps7_cortexa9_0' is selected.
10:25:40 INFO  : The application 'C:/Temp/updated_harkka_josu/Johsul_harkka/Embedded_Exercise_normal/Debug/Embedded_Exercise_normal.elf' is downloaded to processor 'ps7_cortexa9_0'.
10:25:40 INFO  : 'configparams force-mem-access 0' command is executed.
10:25:40 INFO  : ----------------XSDB Script----------------
connect -url tcp:127.0.0.1:3121
source C:/Temp/updated_harkka_josu/Johsul_harkka/Exercise/ps7_init.tcl
targets -set -nocase -filter {name =~"APU*" && jtag_cable_name =~ "Xilinx PYNQ-Z1 003017A4CE32A"} -index 0
rst -system
after 3000
targets -set -filter {jtag_cable_name =~ "Xilinx PYNQ-Z1 003017A4CE32A" && level==0} -index 1
fpga -file C:/Temp/updated_harkka_josu/Johsul_harkka/Exercise/top.bit
targets -set -nocase -filter {name =~"APU*" && jtag_cable_name =~ "Xilinx PYNQ-Z1 003017A4CE32A"} -index 0
loadhw -hw C:/Temp/updated_harkka_josu/Johsul_harkka/Exercise/system.hdf -mem-ranges [list {0x40000000 0xbfffffff}]
configparams force-mem-access 1
targets -set -nocase -filter {name =~"APU*" && jtag_cable_name =~ "Xilinx PYNQ-Z1 003017A4CE32A"} -index 0
ps7_init
ps7_post_config
targets -set -nocase -filter {name =~ "ARM*#0" && jtag_cable_name =~ "Xilinx PYNQ-Z1 003017A4CE32A"} -index 0
dow C:/Temp/updated_harkka_josu/Johsul_harkka/Embedded_Exercise_normal/Debug/Embedded_Exercise_normal.elf
configparams force-mem-access 0
----------------End of Script----------------

10:25:40 INFO  : Memory regions updated for context APU
10:25:40 INFO  : Context for processor 'ps7_cortexa9_0' is selected.
10:25:40 INFO  : 'con' command is executed.
10:25:40 INFO  : ----------------XSDB Script (After Launch)----------------
targets -set -nocase -filter {name =~ "ARM*#0" && jtag_cable_name =~ "Xilinx PYNQ-Z1 003017A4CE32A"} -index 0
con
----------------End of Script----------------

10:25:40 INFO  : Launch script is exported to file 'C:\Temp\updated_harkka_josu\Johsul_harkka\.sdk\launch_scripts\xilinx_c-c++_application_(system_debugger)\system_debugger_using_debug_embedded_exercise_normal.elf_on_local.tcl'
10:25:45 INFO  : Disconnected from the channel tcfchan#3.
10:25:46 INFO  : Connected to target on host '127.0.0.1' and port '3121'.
10:25:46 INFO  : Jtag cable 'Xilinx PYNQ-Z1 003017A4CE32A' is selected.
10:25:46 INFO  : 'jtag frequency' command is executed.
10:25:46 INFO  : Sourcing of 'C:/Temp/updated_harkka_josu/Johsul_harkka/Exercise/ps7_init.tcl' is done.
10:25:46 INFO  : Context for 'APU' is selected.
10:25:46 INFO  : System reset is completed.
10:25:49 INFO  : 'after 3000' command is executed.
10:25:50 INFO  : 'targets -set -filter {jtag_cable_name =~ "Xilinx PYNQ-Z1 003017A4CE32A" && level==0} -index 1' command is executed.
10:25:52 INFO  : FPGA configured successfully with bitstream "C:/Temp/updated_harkka_josu/Johsul_harkka/Exercise/top.bit"
10:25:52 INFO  : Context for 'APU' is selected.
10:25:54 INFO  : Hardware design information is loaded from 'C:/Temp/updated_harkka_josu/Johsul_harkka/Exercise/system.hdf'.
10:25:54 INFO  : 'configparams force-mem-access 1' command is executed.
10:25:54 INFO  : Context for 'APU' is selected.
10:25:55 INFO  : 'ps7_init' command is executed.
10:25:55 INFO  : 'ps7_post_config' command is executed.
10:25:55 INFO  : Context for processor 'ps7_cortexa9_0' is selected.
10:25:55 INFO  : The application 'C:/Temp/updated_harkka_josu/Johsul_harkka/Embedded_Exercise_normal/Debug/Embedded_Exercise_normal.elf' is downloaded to processor 'ps7_cortexa9_0'.
10:25:55 INFO  : 'configparams force-mem-access 0' command is executed.
10:25:55 INFO  : ----------------XSDB Script----------------
connect -url tcp:127.0.0.1:3121
source C:/Temp/updated_harkka_josu/Johsul_harkka/Exercise/ps7_init.tcl
targets -set -nocase -filter {name =~"APU*" && jtag_cable_name =~ "Xilinx PYNQ-Z1 003017A4CE32A"} -index 0
rst -system
after 3000
targets -set -filter {jtag_cable_name =~ "Xilinx PYNQ-Z1 003017A4CE32A" && level==0} -index 1
fpga -file C:/Temp/updated_harkka_josu/Johsul_harkka/Exercise/top.bit
targets -set -nocase -filter {name =~"APU*" && jtag_cable_name =~ "Xilinx PYNQ-Z1 003017A4CE32A"} -index 0
loadhw -hw C:/Temp/updated_harkka_josu/Johsul_harkka/Exercise/system.hdf -mem-ranges [list {0x40000000 0xbfffffff}]
configparams force-mem-access 1
targets -set -nocase -filter {name =~"APU*" && jtag_cable_name =~ "Xilinx PYNQ-Z1 003017A4CE32A"} -index 0
ps7_init
ps7_post_config
targets -set -nocase -filter {name =~ "ARM*#0" && jtag_cable_name =~ "Xilinx PYNQ-Z1 003017A4CE32A"} -index 0
dow C:/Temp/updated_harkka_josu/Johsul_harkka/Embedded_Exercise_normal/Debug/Embedded_Exercise_normal.elf
configparams force-mem-access 0
----------------End of Script----------------

10:25:55 INFO  : Memory regions updated for context APU
10:25:55 INFO  : Context for processor 'ps7_cortexa9_0' is selected.
10:25:55 INFO  : 'con' command is executed.
10:25:55 INFO  : ----------------XSDB Script (After Launch)----------------
targets -set -nocase -filter {name =~ "ARM*#0" && jtag_cable_name =~ "Xilinx PYNQ-Z1 003017A4CE32A"} -index 0
con
----------------End of Script----------------

10:25:55 INFO  : Launch script is exported to file 'C:\Temp\updated_harkka_josu\Johsul_harkka\.sdk\launch_scripts\xilinx_c-c++_application_(system_debugger)\system_debugger_using_debug_embedded_exercise_normal.elf_on_local.tcl'
10:28:44 INFO  : Disconnected from the channel tcfchan#4.
11:50:05 INFO  : Registering command handlers for SDK TCF services
11:50:05 INFO  : Launching XSCT server: xsct.bat -interactive C:\Temp\updated_harkka_josu\Johsul_harkka\temp_xsdb_launch_script.tcl
11:50:08 INFO  : XSCT server has started successfully.
11:50:08 INFO  : Successfully done setting XSCT server connection channel  
11:50:15 INFO  : Successfully done setting SDK workspace  
11:56:37 INFO  : Connected to target on host '127.0.0.1' and port '3121'.
11:56:39 INFO  : Jtag cable 'Xilinx PYNQ-Z1 003017A4CE32A' is selected.
11:56:39 INFO  : 'jtag frequency' command is executed.
11:56:39 INFO  : Sourcing of 'C:/Temp/updated_harkka_josu/Johsul_harkka/Exercise/ps7_init.tcl' is done.
11:56:40 INFO  : Context for 'APU' is selected.
11:56:40 INFO  : System reset is completed.
11:56:43 INFO  : 'after 3000' command is executed.
11:56:44 INFO  : 'targets -set -filter {jtag_cable_name =~ "Xilinx PYNQ-Z1 003017A4CE32A" && level==0} -index 1' command is executed.
11:56:46 INFO  : FPGA configured successfully with bitstream "C:/Temp/updated_harkka_josu/Johsul_harkka/Exercise/top.bit"
11:56:47 INFO  : Context for 'APU' is selected.
11:56:47 INFO  : Hardware design information is loaded from 'C:/Temp/updated_harkka_josu/Johsul_harkka/Exercise/system.hdf'.
11:56:47 INFO  : 'configparams force-mem-access 1' command is executed.
11:56:47 INFO  : Context for 'APU' is selected.
11:56:48 INFO  : 'ps7_init' command is executed.
11:56:48 INFO  : 'ps7_post_config' command is executed.
11:56:48 INFO  : Context for processor 'ps7_cortexa9_0' is selected.
11:56:48 INFO  : The application 'C:/Temp/updated_harkka_josu/Johsul_harkka/Embedded_Exercise_normal/Debug/Embedded_Exercise_normal.elf' is downloaded to processor 'ps7_cortexa9_0'.
11:56:48 INFO  : 'configparams force-mem-access 0' command is executed.
11:56:48 INFO  : ----------------XSDB Script----------------
connect -url tcp:127.0.0.1:3121
source C:/Temp/updated_harkka_josu/Johsul_harkka/Exercise/ps7_init.tcl
targets -set -nocase -filter {name =~"APU*" && jtag_cable_name =~ "Xilinx PYNQ-Z1 003017A4CE32A"} -index 0
rst -system
after 3000
targets -set -filter {jtag_cable_name =~ "Xilinx PYNQ-Z1 003017A4CE32A" && level==0} -index 1
fpga -file C:/Temp/updated_harkka_josu/Johsul_harkka/Exercise/top.bit
targets -set -nocase -filter {name =~"APU*" && jtag_cable_name =~ "Xilinx PYNQ-Z1 003017A4CE32A"} -index 0
loadhw -hw C:/Temp/updated_harkka_josu/Johsul_harkka/Exercise/system.hdf -mem-ranges [list {0x40000000 0xbfffffff}]
configparams force-mem-access 1
targets -set -nocase -filter {name =~"APU*" && jtag_cable_name =~ "Xilinx PYNQ-Z1 003017A4CE32A"} -index 0
ps7_init
ps7_post_config
targets -set -nocase -filter {name =~ "ARM*#0" && jtag_cable_name =~ "Xilinx PYNQ-Z1 003017A4CE32A"} -index 0
dow C:/Temp/updated_harkka_josu/Johsul_harkka/Embedded_Exercise_normal/Debug/Embedded_Exercise_normal.elf
configparams force-mem-access 0
----------------End of Script----------------

11:56:48 INFO  : Memory regions updated for context APU
11:56:48 INFO  : Context for processor 'ps7_cortexa9_0' is selected.
11:56:48 INFO  : 'con' command is executed.
11:56:48 INFO  : ----------------XSDB Script (After Launch)----------------
targets -set -nocase -filter {name =~ "ARM*#0" && jtag_cable_name =~ "Xilinx PYNQ-Z1 003017A4CE32A"} -index 0
con
----------------End of Script----------------

11:56:48 INFO  : Launch script is exported to file 'C:\Temp\updated_harkka_josu\Johsul_harkka\.sdk\launch_scripts\xilinx_c-c++_application_(system_debugger)\system_debugger_using_debug_embedded_exercise_normal.elf_on_local.tcl'
11:57:15 INFO  : Disconnected from the channel tcfchan#1.
10:59:29 INFO  : Registering command handlers for SDK TCF services
10:59:30 INFO  : Launching XSCT server: xsct.bat -interactive C:\Users\sound\Xilinx\harkka_v4\Johsul_harkka\temp_xsdb_launch_script.tcl
10:59:33 INFO  : XSCT server has started successfully.
10:59:34 INFO  : Successfully done setting XSCT server connection channel  
10:59:34 INFO  : Successfully done setting SDK workspace  
10:59:58 ERROR : (XSDB Server)ERROR: [Hsi 55-1594] Core devcfg of version 3.4 not found in repositories
ERROR: [Hsi 55-1594] Core emacps of version 3.4 not found in repositories

10:59:58 ERROR : (XSDB Server)ERROR: [Hsi 55-1594] Core qspips of version 3.3 not found in repositories
ERROR: [Hsi 55-1594] Core scugic of version 3.7 not found in repositories
ERROR: [Hsi 55-1594] Core sdps of version 3.2 not found in repositories
ERROR: [Hsi 55-1594] Core ttcps of version 3.3 not found in repositories
ERROR: [Hsi 55-1594] Core ttcps of version 3.3 not found in repositories
ERROR: [Hsi 55-1594] Core uartps of version 3.4 not found in repositories
ERROR: [Hsi 55-1594] Core standalone of version 6.3 not found in repositories

10:59:58 ERROR : (XSDB Server)ERROR: [Hsi 55-1452] Error: running open_sw_design.

10:59:58 ERROR :  [Common 17-39] 'hsi::open_sw_design' failed due to earlier errors.
10:59:58 ERROR : (XSDB Server)ERROR: [Hsi 55-1594] Core devcfg of version 3.4 not found in repositories

10:59:58 ERROR : (XSDB Server)ERROR: [Hsi 55-1594] Core emacps of version 3.4 not found in repositories

10:59:58 ERROR : (XSDB Server)ERROR: [Hsi 55-1594] Core qspips of version 3.3 not found in repositories

10:59:58 ERROR : (XSDB Server)ERROR: [Hsi 55-1594] Core scugic of version 3.7 not found in repositories

10:59:58 ERROR : (XSDB Server)ERROR: [Hsi 55-1594] Core sdps of version 3.2 not found in repositories

10:59:58 ERROR : (XSDB Server)ERROR: [Hsi 55-1594] Core ttcps of version 3.3 not found in repositories
ERROR: [Hsi 55-1594] Core ttcps of version 3.3 not found in repositories

10:59:58 ERROR : (XSDB Server)ERROR: [Hsi 55-1594] Core uartps of version 3.4 not found in repositories

10:59:58 ERROR : (XSDB Server)ERROR: [Hsi 55-1594] Core standalone of version 6.3 not found in repositories
ERROR: [Hsi 55-1452] Error: running open_sw_design.

10:59:58 INFO  : Unable to read in MSS file C:\Users\sound\Xilinx\harkka_v4\Johsul_harkka\Embedded_Exercise_bsp\system.mss : null
10:59:58 ERROR : Failed to closesw "C:/Users/sound/Xilinx/harkka_v4/Johsul_harkka/Embedded_Exercise_bsp/system.mss"
Reason: Cannot close sw design 'C:/Users/sound/Xilinx/harkka_v4/Johsul_harkka/Embedded_Exercise_bsp/system.mss'.
Design is not opened in the current session.


11:00:11 INFO  : Connected to target on host '127.0.0.1' and port '3121'.
11:00:12 INFO  : Jtag cable 'Xilinx PYNQ-Z1 003017A6DD2CA' is selected.
11:00:12 INFO  : 'jtag frequency' command is executed.
11:00:12 INFO  : Sourcing of 'C:/Users/sound/Xilinx/harkka_v4/Johsul_harkka/Exercise/ps7_init.tcl' is done.
11:00:13 INFO  : Context for 'APU' is selected.
11:00:13 INFO  : System reset is completed.
11:00:16 INFO  : 'after 3000' command is executed.
11:00:17 INFO  : 'targets -set -filter {jtag_cable_name =~ "Xilinx PYNQ-Z1 003017A6DD2CA" && level==0} -index 1' command is executed.
11:00:20 INFO  : FPGA configured successfully with bitstream "C:/Users/sound/Xilinx/harkka_v4/Johsul_harkka/Exercise/top.bit"
11:00:21 INFO  : Context for 'APU' is selected.
11:00:21 INFO  : Hardware design information is loaded from 'C:/Users/sound/Xilinx/harkka_v4/Johsul_harkka/Exercise/system.hdf'.
11:00:21 INFO  : 'configparams force-mem-access 1' command is executed.
11:00:22 INFO  : Context for 'APU' is selected.
11:00:22 INFO  : 'ps7_init' command is executed.
11:00:22 INFO  : 'ps7_post_config' command is executed.
11:00:22 INFO  : Context for processor 'ps7_cortexa9_0' is selected.
11:00:22 INFO  : The application 'C:/Users/sound/Xilinx/harkka_v4/Johsul_harkka/Embedded_Exercise_normal/Debug/Embedded_Exercise_normal.elf' is downloaded to processor 'ps7_cortexa9_0'.
11:00:22 INFO  : 'configparams force-mem-access 0' command is executed.
11:00:22 INFO  : ----------------XSDB Script----------------
connect -url tcp:127.0.0.1:3121
source C:/Users/sound/Xilinx/harkka_v4/Johsul_harkka/Exercise/ps7_init.tcl
targets -set -nocase -filter {name =~"APU*" && jtag_cable_name =~ "Xilinx PYNQ-Z1 003017A6DD2CA"} -index 0
rst -system
after 3000
targets -set -filter {jtag_cable_name =~ "Xilinx PYNQ-Z1 003017A6DD2CA" && level==0} -index 1
fpga -file C:/Users/sound/Xilinx/harkka_v4/Johsul_harkka/Exercise/top.bit
targets -set -nocase -filter {name =~"APU*" && jtag_cable_name =~ "Xilinx PYNQ-Z1 003017A6DD2CA"} -index 0
loadhw -hw C:/Users/sound/Xilinx/harkka_v4/Johsul_harkka/Exercise/system.hdf -mem-ranges [list {0x40000000 0xbfffffff}]
configparams force-mem-access 1
targets -set -nocase -filter {name =~"APU*" && jtag_cable_name =~ "Xilinx PYNQ-Z1 003017A6DD2CA"} -index 0
ps7_init
ps7_post_config
targets -set -nocase -filter {name =~ "ARM*#0" && jtag_cable_name =~ "Xilinx PYNQ-Z1 003017A6DD2CA"} -index 0
dow C:/Users/sound/Xilinx/harkka_v4/Johsul_harkka/Embedded_Exercise_normal/Debug/Embedded_Exercise_normal.elf
configparams force-mem-access 0
----------------End of Script----------------

11:00:22 INFO  : Memory regions updated for context APU
11:00:22 INFO  : Context for processor 'ps7_cortexa9_0' is selected.
11:00:22 INFO  : 'con' command is executed.
11:00:22 INFO  : ----------------XSDB Script (After Launch)----------------
targets -set -nocase -filter {name =~ "ARM*#0" && jtag_cable_name =~ "Xilinx PYNQ-Z1 003017A6DD2CA"} -index 0
con
----------------End of Script----------------

11:00:22 INFO  : Launch script is exported to file 'C:\Users\sound\Xilinx\harkka_v4\Johsul_harkka\.sdk\launch_scripts\xilinx_c-c++_application_(system_debugger)\system_debugger_using_debug_embedded_exercise_normal.elf_on_local.tcl'
12:23:32 INFO  : Disconnected from the channel tcfchan#1.
14:01:32 INFO  : Registering command handlers for SDK TCF services
14:01:33 INFO  : Launching XSCT server: xsct.bat -interactive C:\Users\sound\Xilinx\harkka_v4\Johsul_harkka\temp_xsdb_launch_script.tcl
14:01:35 INFO  : XSCT server has started successfully.
14:01:35 INFO  : Successfully done setting XSCT server connection channel  
14:01:36 INFO  : Successfully done setting SDK workspace  
04:56:01 INFO  : Registering command handlers for SDK TCF services
04:56:02 INFO  : Launching XSCT server: xsct.bat -interactive C:\Users\samuk\Desktop\Johsul_harkka\temp_xsdb_launch_script.tcl
04:56:04 INFO  : XSCT server has started successfully.
04:56:04 INFO  : Successfully done setting XSCT server connection channel  
04:56:05 INFO  : Successfully done setting SDK workspace  
04:56:10 ERROR : (XSDB Server)ERROR: [Hsi 55-1594] Core devcfg of version 3.4 not found in repositories

04:56:10 ERROR :  [Common 17-39] 'hsi::open_sw_design' failed due to earlier errors.
04:56:10 ERROR : (XSDB Server)ERROR: [Hsi 55-1594] Core emacps of version 3.4 not found in repositories
ERROR: [Hsi 55-1594] Core qspips of version 3.3 not found in repositories
ERROR: [Hsi 55-1594] Core scugic of version 3.7 not found in repositories
ERROR: [Hsi 55-1594] Core sdps of version 3.2 not found in repositories
ERROR: [Hsi 55-1594] Core ttcps of version 3.3 not found in repositories
ERROR: [Hsi 55-1594] Core ttcps of version 3.3 not found in repositories
ERROR: [Hsi 55-1594] Core uartps of version 3.4 not found in repositories
ERROR: [Hsi 55-1594] Core standalone of version 6.3 not found in repositories
ERROR: [Hsi 55-1452] Error: running open_sw_design.

04:56:10 ERROR : (XSDB Server)ERROR: [Hsi 55-1594] Core devcfg of version 3.4 not found in repositories
ERROR: [Hsi 55-1594] Core emacps of version 3.4 not found in repositories
ERROR: [Hsi 55-1594] Core qspips of version 3.3 not found in repositories
ERROR: [Hsi 55-1594] Core scugic of version 3.7 not found in repositories
ERROR: [Hsi 55-1594] Core sdps of version 3.2 not found in repositories
ERROR: [Hsi 55-1594] Core ttcps of version 3.3 not found in repositories
ERROR: [Hsi 55-1594] Core ttcps of version 3.3 not found in repositories
ERROR: [Hsi 55-1594] Core uartps of version 3.4 not found in repositories
ERROR: [Hsi 55-1594] Core standalone of version 6.3 not found in repositories
ERROR: [Hsi 55-1452] Error: running open_sw_design.

04:56:10 INFO  : Unable to read in MSS file C:\Users\samuk\Desktop\Johsul_harkka\Embedded_Exercise_bsp\system.mss : null
04:56:10 ERROR : (XSDB Server)ERROR: [Hsi 55-1594] Core devcfg of version 3.4 not found in repositories
ERROR: [Hsi 55-1594] Core emacps of version 3.4 not found in repositories
ERROR: [Hsi 55-1594] Core qspips of version 3.3 not found in repositories
ERROR: [Hsi 55-1594] Core scugic of version 3.7 not found in repositories
ERROR: [Hsi 55-1594] Core sdps of version 3.2 not found in repositories
ERROR: [Hsi 55-1594] Core ttcps of version 3.3 not found in repositories
ERROR: [Hsi 55-1594] Core ttcps of version 3.3 not found in repositories
ERROR: [Hsi 55-1594] Core uartps of version 3.4 not found in repositories
ERROR: [Hsi 55-1594] Core standalone of version 6.3 not found in repositories
ERROR: [Hsi 55-1452] Error: running open_sw_design.

04:56:10 ERROR : (XSDB Server)ERROR: [Hsi 55-1594] Core devcfg of version 3.4 not found in repositories

04:56:10 ERROR : (XSDB Server)ERROR: [Hsi 55-1594] Core emacps of version 3.4 not found in repositories
ERROR: [Hsi 55-1594] Core qspips of version 3.3 not found in repositories
ERROR: [Hsi 55-1594] Core scugic of version 3.7 not found in repositories
ERROR: [Hsi 55-1594] Core sdps of version 3.2 not found in repositories
ERROR: [Hsi 55-1594] Core ttcps of version 3.3 not found in repositories
ERROR: [Hsi 55-1594] Core ttcps of version 3.3 not found in repositories
ERROR: [Hsi 55-1594] Core uartps of version 3.4 not found in repositories
ERROR: [Hsi 55-1594] Core standalone of version 6.3 not found in repositories
ERROR: [Hsi 55-1452] Error: running open_sw_design.

04:56:10 ERROR : Failed to get_connected_periphs
Reason: ERROR: [Common 17-55] 'get_property' expects at least one object.
Resolution: If [get_<value>] was used to populate the object, check to make sure this command returns at least one valid object.

04:56:10 ERROR : (XSDB Server)ERROR: [Hsi 55-1594] Core devcfg of version 3.4 not found in repositories

04:56:10 ERROR : (XSDB Server)ERROR: [Hsi 55-1594] Core emacps of version 3.4 not found in repositories
ERROR: [Hsi 55-1594] Core qspips of version 3.3 not found in repositories
ERROR: [Hsi 55-1594] Core scugic of version 3.7 not found in repositories
ERROR: [Hsi 55-1594] Core sdps of version 3.2 not found in repositories
ERROR: [Hsi 55-1594] Core ttcps of version 3.3 not found in repositories
ERROR: [Hsi 55-1594] Core ttcps of version 3.3 not found in repositories
ERROR: [Hsi 55-1594] Core uartps of version 3.4 not found in repositories
ERROR: [Hsi 55-1594] Core standalone of version 6.3 not found in repositories
ERROR: [Hsi 55-1452] Error: running open_sw_design.

04:56:10 ERROR :  [Common 17-39] 'hsi::open_sw_design' failed due to earlier errors.
04:56:10 ERROR : (XSDB Server)ERROR: [Hsi 55-1594] Core devcfg of version 3.4 not found in repositories
ERROR: [Hsi 55-1594] Core emacps of version 3.4 not found in repositories
ERROR: [Hsi 55-1594] Core qspips of version 3.3 not found in repositories
ERROR: [Hsi 55-1594] Core scugic of version 3.7 not found in repositories
ERROR: [Hsi 55-1594] Core sdps of version 3.2 not found in repositories
ERROR: [Hsi 55-1594] Core ttcps of version 3.3 not found in repositories
ERROR: [Hsi 55-1594] Core ttcps of version 3.3 not found in repositories
ERROR: [Hsi 55-1594] Core uartps of version 3.4 not found in repositories
ERROR: [Hsi 55-1594] Core standalone of version 6.3 not found in repositories
ERROR: [Hsi 55-1452] Error: running open_sw_design.

04:56:10 INFO  : Unable to read in MSS file C:\Users\samuk\Desktop\Johsul_harkka\Embedded_Exercise_bsp\system.mss : null
04:56:10 ERROR : (XSDB Server)ERROR: [Hsi 55-1594] Core devcfg of version 3.4 not found in repositories
ERROR: [Hsi 55-1594] Core emacps of version 3.4 not found in repositories
ERROR: [Hsi 55-1594] Core qspips of version 3.3 not found in repositories
ERROR: [Hsi 55-1594] Core scugic of version 3.7 not found in repositories
ERROR: [Hsi 55-1594] Core sdps of version 3.2 not found in repositories
ERROR: [Hsi 55-1594] Core ttcps of version 3.3 not found in repositories
ERROR: [Hsi 55-1594] Core ttcps of version 3.3 not found in repositories
ERROR: [Hsi 55-1594] Core uartps of version 3.4 not found in repositories
ERROR: [Hsi 55-1594] Core standalone of version 6.3 not found in repositories
ERROR: [Hsi 55-1452] Error: running open_sw_design.

04:56:10 ERROR : (XSDB Server)ERROR: [Hsi 55-1594] Core devcfg of version 3.4 not found in repositories

04:56:10 ERROR : (XSDB Server)ERROR: [Hsi 55-1594] Core emacps of version 3.4 not found in repositories

04:56:10 ERROR : (XSDB Server)ERROR: [Hsi 55-1594] Core qspips of version 3.3 not found in repositories
ERROR: [Hsi 55-1594] Core scugic of version 3.7 not found in repositories
ERROR: [Hsi 55-1594] Core sdps of version 3.2 not found in repositories
ERROR: [Hsi 55-1594] Core ttcps of version 3.3 not found in repositories
ERROR: [Hsi 55-1594] Core ttcps of version 3.3 not found in repositories
ERROR: [Hsi 55-1594] Core uartps of version 3.4 not found in repositories
ERROR: [Hsi 55-1594] Core standalone of version 6.3 not found in repositories
ERROR: [Hsi 55-1452] Error: running open_sw_design.

04:56:10 ERROR : Failed to get_connected_periphs
Reason: ERROR: [Common 17-55] 'get_property' expects at least one object.
Resolution: If [get_<value>] was used to populate the object, check to make sure this command returns at least one valid object.

04:56:10 ERROR : (XSDB Server)ERROR: [Hsi 55-1594] Core devcfg of version 3.4 not found in repositories

04:56:10 ERROR : (XSDB Server)ERROR: [Hsi 55-1594] Core emacps of version 3.4 not found in repositories
ERROR: [Hsi 55-1594] Core qspips of version 3.3 not found in repositories
ERROR: [Hsi 55-1594] Core scugic of version 3.7 not found in repositories
ERROR: [Hsi 55-1594] Core sdps of version 3.2 not found in repositories
ERROR: [Hsi 55-1594] Core ttcps of version 3.3 not found in repositories
ERROR: [Hsi 55-1594] Core ttcps of version 3.3 not found in repositories
ERROR: [Hsi 55-1594] Core uartps of version 3.4 not found in repositories
ERROR: [Hsi 55-1594] Core standalone of version 6.3 not found in repositories
ERROR: [Hsi 55-1452] Error: running open_sw_design.

04:56:10 ERROR :  [Common 17-39] 'hsi::open_sw_design' failed due to earlier errors.
04:56:10 ERROR : (XSDB Server)ERROR: [Hsi 55-1594] Core devcfg of version 3.4 not found in repositories

04:56:10 ERROR : (XSDB Server)ERROR: [Hsi 55-1594] Core emacps of version 3.4 not found in repositories
ERROR: [Hsi 55-1594] Core qspips of version 3.3 not found in repositories
ERROR: [Hsi 55-1594] Core scugic of version 3.7 not found in repositories
ERROR: [Hsi 55-1594] Core sdps of version 3.2 not found in repositories
ERROR: [Hsi 55-1594] Core ttcps of version 3.3 not found in repositories
ERROR: [Hsi 55-1594] Core ttcps of version 3.3 not found in repositories
ERROR: [Hsi 55-1594] Core uartps of version 3.4 not found in repositories
ERROR: [Hsi 55-1594] Core standalone of version 6.3 not found in repositories
ERROR: [Hsi 55-1452] Error: running open_sw_design.

04:56:10 INFO  : Unable to read in MSS file C:\Users\samuk\Desktop\Johsul_harkka\Embedded_Exercise_bsp\system.mss : null
04:56:10 ERROR : (XSDB Server)ERROR: [Hsi 55-1594] Core devcfg of version 3.4 not found in repositories
ERROR: [Hsi 55-1594] Core emacps of version 3.4 not found in repositories
ERROR: [Hsi 55-1594] Core qspips of version 3.3 not found in repositories
ERROR: [Hsi 55-1594] Core scugic of version 3.7 not found in repositories
ERROR: [Hsi 55-1594] Core sdps of version 3.2 not found in repositories
ERROR: [Hsi 55-1594] Core ttcps of version 3.3 not found in repositories
ERROR: [Hsi 55-1594] Core ttcps of version 3.3 not found in repositories
ERROR: [Hsi 55-1594] Core uartps of version 3.4 not found in repositories
ERROR: [Hsi 55-1594] Core standalone of version 6.3 not found in repositories
ERROR: [Hsi 55-1452] Error: running open_sw_design.

04:56:10 ERROR : (XSDB Server)ERROR: [Hsi 55-1594] Core devcfg of version 3.4 not found in repositories

04:56:10 ERROR : (XSDB Server)ERROR: [Hsi 55-1452] Error: running open_sw_design.

04:56:10 ERROR : Failed to get_connected_periphs
Reason: ERROR: [Common 17-55] 'get_property' expects at least one object.
Resolution: If [get_<value>] was used to populate the object, check to make sure this command returns at least one valid object.

04:56:39 ERROR : (XSDB Server)ERROR: [Hsi 55-1452] Error: running open_sw_design.

04:56:39 ERROR :  [Common 17-39] 'hsi::open_sw_design' failed due to earlier errors.
04:56:39 ERROR : (XSDB Server)ERROR: [Hsi 55-1452] Error: running open_sw_design.

04:56:39 INFO  : Unable to read in MSS file C:\Users\samuk\Desktop\Johsul_harkka\Embedded_Exercise_bsp\system.mss : null
04:56:39 ERROR : (XSDB Server)ERROR: [Hsi 55-1452] Error: running open_sw_design.

04:56:39 ERROR : (XSDB Server)ERROR: [Hsi 55-1452] Error: running open_sw_design.

04:56:39 ERROR : Failed to get_connected_periphs
Reason: ERROR: [Common 17-55] 'get_property' expects at least one object.
Resolution: If [get_<value>] was used to populate the object, check to make sure this command returns at least one valid object.

04:59:54 ERROR : (XSDB Server)ERROR: [Hsi 55-1452] Error: running open_sw_design.

04:59:54 ERROR :  [Common 17-39] 'hsi::open_sw_design' failed due to earlier errors.
04:59:54 ERROR : (XSDB Server)ERROR: [Hsi 55-1452] Error: running open_sw_design.

04:59:54 INFO  : Unable to read in MSS file C:\Users\samuk\Desktop\Johsul_harkka\Embedded_Exercise_bsp\system.mss : null
04:59:54 ERROR : Failed to closesw "C:/Users/samuk/Desktop/Johsul_harkka/Embedded_Exercise_bsp/system.mss"
Reason: Cannot close sw design 'C:/Users/samuk/Desktop/Johsul_harkka/Embedded_Exercise_bsp/system.mss'.
Design is not opened in the current session.


05:00:03 INFO  : Connected to target on host '127.0.0.1' and port '3121'.
05:00:05 INFO  : Jtag cable 'Xilinx PYNQ-Z1 003017A6DDA7A' is selected.
05:00:05 INFO  : 'jtag frequency' command is executed.
05:00:05 INFO  : Sourcing of 'C:/Users/samuk/Desktop/Johsul_harkka/Exercise/ps7_init.tcl' is done.
05:00:06 INFO  : Context for 'APU' is selected.
05:00:06 INFO  : System reset is completed.
05:00:09 INFO  : 'after 3000' command is executed.
05:00:10 INFO  : 'targets -set -filter {jtag_cable_name =~ "Xilinx PYNQ-Z1 003017A6DDA7A" && level==0} -index 1' command is executed.
05:00:13 INFO  : FPGA configured successfully with bitstream "C:/Users/samuk/Desktop/Johsul_harkka/Exercise/top.bit"
05:00:14 INFO  : Context for 'APU' is selected.
05:00:14 INFO  : Hardware design information is loaded from 'C:/Users/samuk/Desktop/Johsul_harkka/Exercise/system.hdf'.
05:00:14 INFO  : 'configparams force-mem-access 1' command is executed.
05:00:14 INFO  : Context for 'APU' is selected.
05:00:14 INFO  : 'ps7_init' command is executed.
05:00:14 INFO  : 'ps7_post_config' command is executed.
05:00:14 INFO  : Context for processor 'ps7_cortexa9_0' is selected.
05:00:14 INFO  : The application 'C:/Users/samuk/Desktop/Johsul_harkka/Embedded_Exercise_normal/Debug/Embedded_Exercise_normal.elf' is downloaded to processor 'ps7_cortexa9_0'.
05:00:14 INFO  : 'configparams force-mem-access 0' command is executed.
05:00:14 INFO  : ----------------XSDB Script----------------
connect -url tcp:127.0.0.1:3121
source C:/Users/samuk/Desktop/Johsul_harkka/Exercise/ps7_init.tcl
targets -set -nocase -filter {name =~"APU*" && jtag_cable_name =~ "Xilinx PYNQ-Z1 003017A6DDA7A"} -index 0
rst -system
after 3000
targets -set -filter {jtag_cable_name =~ "Xilinx PYNQ-Z1 003017A6DDA7A" && level==0} -index 1
fpga -file C:/Users/samuk/Desktop/Johsul_harkka/Exercise/top.bit
targets -set -nocase -filter {name =~"APU*" && jtag_cable_name =~ "Xilinx PYNQ-Z1 003017A6DDA7A"} -index 0
loadhw -hw C:/Users/samuk/Desktop/Johsul_harkka/Exercise/system.hdf -mem-ranges [list {0x40000000 0xbfffffff}]
configparams force-mem-access 1
targets -set -nocase -filter {name =~"APU*" && jtag_cable_name =~ "Xilinx PYNQ-Z1 003017A6DDA7A"} -index 0
ps7_init
ps7_post_config
targets -set -nocase -filter {name =~ "ARM*#0" && jtag_cable_name =~ "Xilinx PYNQ-Z1 003017A6DDA7A"} -index 0
dow C:/Users/samuk/Desktop/Johsul_harkka/Embedded_Exercise_normal/Debug/Embedded_Exercise_normal.elf
configparams force-mem-access 0
----------------End of Script----------------

05:00:14 INFO  : Memory regions updated for context APU
05:00:15 INFO  : Context for processor 'ps7_cortexa9_0' is selected.
05:00:15 INFO  : 'con' command is executed.
05:00:15 INFO  : ----------------XSDB Script (After Launch)----------------
targets -set -nocase -filter {name =~ "ARM*#0" && jtag_cable_name =~ "Xilinx PYNQ-Z1 003017A6DDA7A"} -index 0
con
----------------End of Script----------------

05:00:15 INFO  : Launch script is exported to file 'C:\Users\samuk\Desktop\Johsul_harkka\.sdk\launch_scripts\xilinx_c-c++_application_(system_debugger)\system_debugger_using_debug_embedded_exercise_normal.elf_on_local.tcl'
05:00:52 ERROR : (XSDB Server)ERROR: [Hsi 55-1452] Error: running open_sw_design.

05:00:52 ERROR :  [Common 17-39] 'hsi::open_sw_design' failed due to earlier errors.
05:00:52 ERROR : (XSDB Server)ERROR: [Hsi 55-1452] Error: running open_sw_design.

05:00:52 INFO  : Unable to read in MSS file C:\Users\samuk\Desktop\Johsul_harkka\Embedded_Exercise_bsp\system.mss : null
05:00:52 ERROR : Failed to closesw "C:/Users/samuk/Desktop/Johsul_harkka/Embedded_Exercise_bsp/system.mss"
Reason: Cannot close sw design 'C:/Users/samuk/Desktop/Johsul_harkka/Embedded_Exercise_bsp/system.mss'.
Design is not opened in the current session.


05:01:01 ERROR : (XSDB Server)ERROR: [Hsi 55-1452] Error: running open_sw_design.

05:01:01 ERROR :  [Common 17-39] 'hsi::open_sw_design' failed due to earlier errors.
05:01:01 ERROR : (XSDB Server)ERROR: [Hsi 55-1452] Error: running open_sw_design.

05:01:01 INFO  : Unable to read in MSS file C:\Users\samuk\Desktop\Johsul_harkka\Embedded_Exercise_bsp\system.mss : null
05:01:01 ERROR : Unexpected error occurred during generating bsp sources
java.lang.reflect.InvocationTargetException
	at org.eclipse.jface.operation.ModalContext.run(ModalContext.java:398)
	at org.eclipse.jface.dialogs.ProgressMonitorDialog.run(ProgressMonitorDialog.java:481)
	at org.eclipse.ui.internal.progress.ProgressMonitorJobsDialog.run(ProgressMonitorJobsDialog.java:242)
	at org.eclipse.ui.internal.progress.ProgressManager$3.run(ProgressManager.java:895)
	at org.eclipse.swt.custom.BusyIndicator.showWhile(BusyIndicator.java:70)
	at org.eclipse.ui.internal.progress.ProgressManager.busyCursorWhile(ProgressManager.java:930)
	at org.eclipse.ui.internal.progress.ProgressManager.busyCursorWhile(ProgressManager.java:905)
	at org.eclipse.ui.internal.progress.ProgressManager.run(ProgressManager.java:1078)
	at com.xilinx.sdk.sw.ui.handlers.RegenBspSourcesHandler.execute(RegenBspSourcesHandler.java:125)
	at com.xilinx.sdk.sw.ui.handlers.RegenBspSourcesHandler.execute(RegenBspSourcesHandler.java:79)
	at org.eclipse.ui.internal.handlers.HandlerProxy.execute(HandlerProxy.java:295)
	at org.eclipse.ui.internal.handlers.E4HandlerProxy.execute(E4HandlerProxy.java:90)
	at sun.reflect.NativeMethodAccessorImpl.invoke0(Native Method)
	at sun.reflect.NativeMethodAccessorImpl.invoke(NativeMethodAccessorImpl.java:62)
	at sun.reflect.DelegatingMethodAccessorImpl.invoke(DelegatingMethodAccessorImpl.java:43)
	at java.lang.reflect.Method.invoke(Method.java:498)
	at org.eclipse.e4.core.internal.di.MethodRequestor.execute(MethodRequestor.java:55)
	at org.eclipse.e4.core.internal.di.InjectorImpl.invokeUsingClass(InjectorImpl.java:282)
	at org.eclipse.e4.core.internal.di.InjectorImpl.invoke(InjectorImpl.java:264)
	at org.eclipse.e4.core.contexts.ContextInjectionFactory.invoke(ContextInjectionFactory.java:132)
	at org.eclipse.e4.core.commands.internal.HandlerServiceHandler.execute(HandlerServiceHandler.java:152)
	at org.eclipse.core.commands.Command.executeWithChecks(Command.java:494)
	at org.eclipse.core.commands.ParameterizedCommand.executeWithChecks(ParameterizedCommand.java:488)
	at org.eclipse.e4.core.commands.internal.HandlerServiceImpl.executeHandler(HandlerServiceImpl.java:210)
	at org.eclipse.e4.ui.workbench.renderers.swt.HandledContributionItem.executeItem(HandledContributionItem.java:433)
	at org.eclipse.e4.ui.workbench.renderers.swt.AbstractContributionItem.handleWidgetSelection(AbstractContributionItem.java:454)
	at org.eclipse.e4.ui.workbench.renderers.swt.AbstractContributionItem$3.handleEvent(AbstractContributionItem.java:482)
	at org.eclipse.swt.widgets.EventTable.sendEvent(EventTable.java:84)
	at org.eclipse.swt.widgets.Display.sendEvent(Display.java:4410)
	at org.eclipse.swt.widgets.Widget.sendEvent(Widget.java:1079)
	at org.eclipse.swt.widgets.Display.runDeferredEvents(Display.java:4228)
	at org.eclipse.swt.widgets.Display.readAndDispatch(Display.java:3816)
	at org.eclipse.e4.ui.internal.workbench.swt.PartRenderingEngine$4.run(PartRenderingEngine.java:1121)
	at org.eclipse.core.databinding.observable.Realm.runWithDefault(Realm.java:336)
	at org.eclipse.e4.ui.internal.workbench.swt.PartRenderingEngine.run(PartRenderingEngine.java:1022)
	at org.eclipse.e4.ui.internal.workbench.E4Workbench.createAndRunUI(E4Workbench.java:150)
	at org.eclipse.ui.internal.Workbench$5.run(Workbench.java:687)
	at org.eclipse.core.databinding.observable.Realm.runWithDefault(Realm.java:336)
	at org.eclipse.ui.internal.Workbench.createAndRunWorkbench(Workbench.java:604)
	at org.eclipse.ui.PlatformUI.createAndRunWorkbench(PlatformUI.java:148)
	at org.eclipse.ui.internal.ide.application.IDEApplication.start(IDEApplication.java:138)
	at org.eclipse.equinox.internal.app.EclipseAppHandle.run(EclipseAppHandle.java:196)
	at org.eclipse.core.runtime.internal.adaptor.EclipseAppLauncher.runApplication(EclipseAppLauncher.java:134)
	at org.eclipse.core.runtime.internal.adaptor.EclipseAppLauncher.start(EclipseAppLauncher.java:104)
	at org.eclipse.core.runtime.adaptor.EclipseStarter.run(EclipseStarter.java:388)
	at org.eclipse.core.runtime.adaptor.EclipseStarter.run(EclipseStarter.java:243)
	at sun.reflect.NativeMethodAccessorImpl.invoke0(Native Method)
	at sun.reflect.NativeMethodAccessorImpl.invoke(NativeMethodAccessorImpl.java:62)
	at sun.reflect.DelegatingMethodAccessorImpl.invoke(DelegatingMethodAccessorImpl.java:43)
	at java.lang.reflect.Method.invoke(Method.java:498)
	at org.eclipse.equinox.launcher.Main.invokeFramework(Main.java:673)
	at org.eclipse.equinox.launcher.Main.basicRun(Main.java:610)
	at org.eclipse.equinox.launcher.Main.run(Main.java:1519)
Caused by: java.lang.IllegalArgumentException: Path must include project and resource name: /Embedded_Exercise_bsp
	at org.eclipse.core.runtime.Assert.isLegal(Assert.java:63)
	at org.eclipse.core.internal.resources.Workspace.newResource(Workspace.java:2068)
	at org.eclipse.core.internal.resources.Container.getFolder(Container.java:197)
	at com.xilinx.sdk.sw.ui.handlers.RegenBspSourcesHandler.internalGenerateBsp(RegenBspSourcesHandler.java:170)
	at com.xilinx.sdk.sw.ui.handlers.RegenBspSourcesHandler.access$2(RegenBspSourcesHandler.java:164)
	at com.xilinx.sdk.sw.ui.handlers.RegenBspSourcesHandler$1$1.run(RegenBspSourcesHandler.java:132)
	at org.eclipse.core.internal.resources.Workspace.run(Workspace.java:2240)
	at org.eclipse.core.internal.resources.Workspace.run(Workspace.java:2267)
	at com.xilinx.sdk.sw.ui.handlers.RegenBspSourcesHandler$1.run(RegenBspSourcesHandler.java:136)
	at org.eclipse.jface.operation.ModalContext$ModalContextThread.run(ModalContext.java:119)
05:01:05 ERROR : (XSDB Server)ERROR: [Hsi 55-1452] Error: running open_sw_design.

05:01:05 ERROR :  [Common 17-39] 'hsi::open_sw_design' failed due to earlier errors.
05:01:05 ERROR : (XSDB Server)ERROR: [Hsi 55-1452] Error: running open_sw_design.

05:01:05 INFO  : Unable to read in MSS file C:\Users\samuk\Desktop\Johsul_harkka\Embedded_Exercise_bsp\system.mss : null
05:01:05 ERROR : Failed to closesw "C:/Users/samuk/Desktop/Johsul_harkka/Embedded_Exercise_bsp/system.mss"
Reason: Cannot close sw design 'C:/Users/samuk/Desktop/Johsul_harkka/Embedded_Exercise_bsp/system.mss'.
Design is not opened in the current session.


05:01:42 ERROR : (XSDB Server)ERROR: [Hsi 55-1452] Error: running open_sw_design.

05:01:42 ERROR :  [Common 17-39] 'hsi::open_sw_design' failed due to earlier errors.
05:01:42 ERROR : (XSDB Server)ERROR: [Hsi 55-1452] Error: running open_sw_design.

05:01:42 INFO  : Unable to read in MSS file C:\Users\samuk\Desktop\Johsul_harkka\Embedded_Exercise_bsp\system.mss : null
05:01:42 ERROR : Failed to closesw "C:/Users/samuk/Desktop/Johsul_harkka/Embedded_Exercise_bsp/system.mss"
Reason: Cannot close sw design 'C:/Users/samuk/Desktop/Johsul_harkka/Embedded_Exercise_bsp/system.mss'.
Design is not opened in the current session.


05:01:47 ERROR : (XSDB Server)ERROR: [Hsi 55-1452] Error: running open_sw_design.

05:01:47 ERROR :  [Common 17-39] 'hsi::open_sw_design' failed due to earlier errors.
05:01:47 ERROR : (XSDB Server)ERROR: [Hsi 55-1452] Error: running open_sw_design.

05:01:47 INFO  : Unable to read in MSS file C:\Users\samuk\Desktop\Johsul_harkka\Embedded_Exercise_bsp\system.mss : null
05:01:47 ERROR : (XSDB Server)ERROR: [Hsi 55-1452] Error: running open_sw_design.

05:01:47 ERROR : (XSDB Server)ERROR: [Hsi 55-1452] Error: running open_sw_design.

05:01:47 ERROR : Failed to get_connected_periphs
Reason: ERROR: [Common 17-55] 'get_property' expects at least one object.
Resolution: If [get_<value>] was used to populate the object, check to make sure this command returns at least one valid object.

05:01:49 ERROR : (XSDB Server)ERROR: [Hsi 55-1452] Error: running open_sw_design.

05:01:49 ERROR :  [Common 17-39] 'hsi::open_sw_design' failed due to earlier errors.
05:01:49 ERROR : (XSDB Server)ERROR: [Hsi 55-1452] Error: running open_sw_design.

05:01:49 INFO  : Unable to read in MSS file C:\Users\samuk\Desktop\Johsul_harkka\Embedded_Exercise_bsp\system.mss : null
05:01:49 ERROR : Failed to closesw "C:/Users/samuk/Desktop/Johsul_harkka/Embedded_Exercise_bsp/system.mss"
Reason: Cannot close sw design 'C:/Users/samuk/Desktop/Johsul_harkka/Embedded_Exercise_bsp/system.mss'.
Design is not opened in the current session.


05:01:58 INFO  : Connected to target on host '127.0.0.1' and port '3121'.
05:02:04 INFO  : Disconnected from the channel tcfchan#1.
05:02:05 INFO  : Connected to target on host '127.0.0.1' and port '3121'.
05:02:05 INFO  : Jtag cable 'Xilinx PYNQ-Z1 003017A6DDA7A' is selected.
05:02:05 INFO  : 'jtag frequency' command is executed.
05:02:05 INFO  : Sourcing of 'C:/Users/samuk/Desktop/Johsul_harkka/Exercise/ps7_init.tcl' is done.
05:02:05 INFO  : Context for 'APU' is selected.
05:02:05 INFO  : System reset is completed.
05:02:08 INFO  : 'after 3000' command is executed.
05:02:08 INFO  : 'targets -set -filter {jtag_cable_name =~ "Xilinx PYNQ-Z1 003017A6DDA7A" && level==0} -index 1' command is executed.
05:02:11 INFO  : FPGA configured successfully with bitstream "C:/Users/samuk/Desktop/Johsul_harkka/Exercise/top.bit"
05:02:11 INFO  : Context for 'APU' is selected.
05:02:13 INFO  : Hardware design information is loaded from 'C:/Users/samuk/Desktop/Johsul_harkka/Exercise/system.hdf'.
05:02:13 INFO  : 'configparams force-mem-access 1' command is executed.
05:02:13 INFO  : Context for 'APU' is selected.
05:02:13 INFO  : 'ps7_init' command is executed.
05:02:13 INFO  : 'ps7_post_config' command is executed.
05:02:13 INFO  : Context for processor 'ps7_cortexa9_0' is selected.
05:02:14 INFO  : The application 'C:/Users/samuk/Desktop/Johsul_harkka/Embedded_Exercise_normal/Debug/Embedded_Exercise_normal.elf' is downloaded to processor 'ps7_cortexa9_0'.
05:02:14 INFO  : 'configparams force-mem-access 0' command is executed.
05:02:14 INFO  : ----------------XSDB Script----------------
connect -url tcp:127.0.0.1:3121
source C:/Users/samuk/Desktop/Johsul_harkka/Exercise/ps7_init.tcl
targets -set -nocase -filter {name =~"APU*" && jtag_cable_name =~ "Xilinx PYNQ-Z1 003017A6DDA7A"} -index 0
rst -system
after 3000
targets -set -filter {jtag_cable_name =~ "Xilinx PYNQ-Z1 003017A6DDA7A" && level==0} -index 1
fpga -file C:/Users/samuk/Desktop/Johsul_harkka/Exercise/top.bit
targets -set -nocase -filter {name =~"APU*" && jtag_cable_name =~ "Xilinx PYNQ-Z1 003017A6DDA7A"} -index 0
loadhw -hw C:/Users/samuk/Desktop/Johsul_harkka/Exercise/system.hdf -mem-ranges [list {0x40000000 0xbfffffff}]
configparams force-mem-access 1
targets -set -nocase -filter {name =~"APU*" && jtag_cable_name =~ "Xilinx PYNQ-Z1 003017A6DDA7A"} -index 0
ps7_init
ps7_post_config
targets -set -nocase -filter {name =~ "ARM*#0" && jtag_cable_name =~ "Xilinx PYNQ-Z1 003017A6DDA7A"} -index 0
dow C:/Users/samuk/Desktop/Johsul_harkka/Embedded_Exercise_normal/Debug/Embedded_Exercise_normal.elf
configparams force-mem-access 0
----------------End of Script----------------

05:02:14 INFO  : Memory regions updated for context APU
05:02:14 INFO  : Context for processor 'ps7_cortexa9_0' is selected.
05:02:14 INFO  : 'con' command is executed.
05:02:14 INFO  : ----------------XSDB Script (After Launch)----------------
targets -set -nocase -filter {name =~ "ARM*#0" && jtag_cable_name =~ "Xilinx PYNQ-Z1 003017A6DDA7A"} -index 0
con
----------------End of Script----------------

05:02:14 INFO  : Launch script is exported to file 'C:\Users\samuk\Desktop\Johsul_harkka\.sdk\launch_scripts\xilinx_c-c++_application_(system_debugger)\system_debugger_using_debug_embedded_exercise_normal.elf_on_local.tcl'
05:03:00 INFO  : Disconnected from the channel tcfchan#2.
05:03:01 INFO  : Connected to target on host '127.0.0.1' and port '3121'.
05:03:01 INFO  : Jtag cable 'Xilinx PYNQ-Z1 003017A6DDA7A' is selected.
05:03:01 INFO  : 'jtag frequency' command is executed.
05:03:01 INFO  : Sourcing of 'C:/Users/samuk/Desktop/Johsul_harkka/Exercise/ps7_init.tcl' is done.
05:03:01 INFO  : Context for 'APU' is selected.
05:03:01 INFO  : System reset is completed.
05:03:04 INFO  : 'after 3000' command is executed.
05:03:04 INFO  : 'targets -set -filter {jtag_cable_name =~ "Xilinx PYNQ-Z1 003017A6DDA7A" && level==0} -index 1' command is executed.
05:03:06 INFO  : FPGA configured successfully with bitstream "C:/Users/samuk/Desktop/Johsul_harkka/Exercise/top.bit"
05:03:06 INFO  : Context for 'APU' is selected.
05:03:09 INFO  : Hardware design information is loaded from 'C:/Users/samuk/Desktop/Johsul_harkka/Exercise/system.hdf'.
05:03:09 INFO  : 'configparams force-mem-access 1' command is executed.
05:03:09 INFO  : Context for 'APU' is selected.
05:03:09 INFO  : 'ps7_init' command is executed.
05:03:09 INFO  : 'ps7_post_config' command is executed.
05:03:09 INFO  : Context for processor 'ps7_cortexa9_0' is selected.
05:03:09 INFO  : The application 'C:/Users/samuk/Desktop/Johsul_harkka/Embedded_Exercise_normal/Debug/Embedded_Exercise_normal.elf' is downloaded to processor 'ps7_cortexa9_0'.
05:03:09 INFO  : 'configparams force-mem-access 0' command is executed.
05:03:09 INFO  : ----------------XSDB Script----------------
connect -url tcp:127.0.0.1:3121
source C:/Users/samuk/Desktop/Johsul_harkka/Exercise/ps7_init.tcl
targets -set -nocase -filter {name =~"APU*" && jtag_cable_name =~ "Xilinx PYNQ-Z1 003017A6DDA7A"} -index 0
rst -system
after 3000
targets -set -filter {jtag_cable_name =~ "Xilinx PYNQ-Z1 003017A6DDA7A" && level==0} -index 1
fpga -file C:/Users/samuk/Desktop/Johsul_harkka/Exercise/top.bit
targets -set -nocase -filter {name =~"APU*" && jtag_cable_name =~ "Xilinx PYNQ-Z1 003017A6DDA7A"} -index 0
loadhw -hw C:/Users/samuk/Desktop/Johsul_harkka/Exercise/system.hdf -mem-ranges [list {0x40000000 0xbfffffff}]
configparams force-mem-access 1
targets -set -nocase -filter {name =~"APU*" && jtag_cable_name =~ "Xilinx PYNQ-Z1 003017A6DDA7A"} -index 0
ps7_init
ps7_post_config
targets -set -nocase -filter {name =~ "ARM*#0" && jtag_cable_name =~ "Xilinx PYNQ-Z1 003017A6DDA7A"} -index 0
dow C:/Users/samuk/Desktop/Johsul_harkka/Embedded_Exercise_normal/Debug/Embedded_Exercise_normal.elf
configparams force-mem-access 0
----------------End of Script----------------

05:03:09 INFO  : Memory regions updated for context APU
05:03:10 INFO  : Context for processor 'ps7_cortexa9_0' is selected.
05:03:10 INFO  : 'con' command is executed.
05:03:10 INFO  : ----------------XSDB Script (After Launch)----------------
targets -set -nocase -filter {name =~ "ARM*#0" && jtag_cable_name =~ "Xilinx PYNQ-Z1 003017A6DDA7A"} -index 0
con
----------------End of Script----------------

05:03:10 INFO  : Launch script is exported to file 'C:\Users\samuk\Desktop\Johsul_harkka\.sdk\launch_scripts\xilinx_c-c++_application_(system_debugger)\system_debugger_using_debug_embedded_exercise_normal.elf_on_local.tcl'
05:04:32 INFO  : Disconnected from the channel tcfchan#3.
05:04:46 INFO  : Connected to target on host '127.0.0.1' and port '3121'.
05:04:47 INFO  : Jtag cable 'Xilinx PYNQ-Z1 003017A6DDA7A' is selected.
05:04:47 INFO  : 'jtag frequency' command is executed.
05:04:47 INFO  : Sourcing of 'C:/Users/samuk/Desktop/Johsul_harkka/Exercise/ps7_init.tcl' is done.
05:04:48 INFO  : Context for 'APU' is selected.
05:04:48 INFO  : System reset is completed.
05:04:51 INFO  : 'after 3000' command is executed.
05:04:52 INFO  : 'targets -set -filter {jtag_cable_name =~ "Xilinx PYNQ-Z1 003017A6DDA7A" && level==0} -index 1' command is executed.
05:04:55 INFO  : FPGA configured successfully with bitstream "C:/Users/samuk/Desktop/Johsul_harkka/Exercise/top.bit"
05:04:56 INFO  : Context for 'APU' is selected.
05:04:58 INFO  : Hardware design information is loaded from 'C:/Users/samuk/Desktop/Johsul_harkka/Exercise/system.hdf'.
05:04:58 INFO  : 'configparams force-mem-access 1' command is executed.
05:04:58 INFO  : Context for 'APU' is selected.
05:04:59 INFO  : 'ps7_init' command is executed.
05:04:59 INFO  : 'ps7_post_config' command is executed.
05:04:59 INFO  : 'configparams force-mem-access 0' command is executed.
05:04:59 INFO  : ----------------XSDB Script----------------
connect -url tcp:127.0.0.1:3121
source C:/Users/samuk/Desktop/Johsul_harkka/Exercise/ps7_init.tcl
targets -set -nocase -filter {name =~"APU*" && jtag_cable_name =~ "Xilinx PYNQ-Z1 003017A6DDA7A"} -index 0
rst -system
after 3000
targets -set -filter {jtag_cable_name =~ "Xilinx PYNQ-Z1 003017A6DDA7A" && level==0} -index 1
fpga -file C:/Users/samuk/Desktop/Johsul_harkka/Exercise/top.bit
targets -set -nocase -filter {name =~"APU*" && jtag_cable_name =~ "Xilinx PYNQ-Z1 003017A6DDA7A"} -index 0
loadhw -hw C:/Users/samuk/Desktop/Johsul_harkka/Exercise/system.hdf -mem-ranges [list {0x40000000 0xbfffffff}]
configparams force-mem-access 1
targets -set -nocase -filter {name =~"APU*" && jtag_cable_name =~ "Xilinx PYNQ-Z1 003017A6DDA7A"} -index 0
ps7_init
ps7_post_config
configparams force-mem-access 0
----------------End of Script----------------

05:04:59 INFO  : Memory regions updated for context APU
05:04:59 INFO  : Launch script is exported to file 'C:\Users\samuk\Desktop\Johsul_harkka\.sdk\launch_scripts\xilinx_c-c++_application_(system_debugger)\system_debugger_using_debug_embedded_exercise.elf_on_local.tcl'
05:22:49 INFO  : Connected to target on host '127.0.0.1' and port '3121'.
05:26:36 INFO  : Connected to target on host '127.0.0.1' and port '3121'.
05:42:52 INFO  : Launching XSCT server: xsct.bat -interactive C:\Users\samuk\Desktop\Johsul_harkka\temp_xsdb_launch_script.tcl
19:01:29 INFO  : Registering command handlers for SDK TCF services
19:01:30 INFO  : Launching XSCT server: xsct.bat -interactive C:\Users\samuk\Desktop\Johsul_harkka\temp_xsdb_launch_script.tcl
19:01:33 INFO  : XSCT server has started successfully.
19:01:34 INFO  : Successfully done setting XSCT server connection channel  
19:01:34 INFO  : Successfully done setting SDK workspace  
19:02:43 INFO  : Registering command handlers for SDK TCF services
19:02:43 INFO  : Launching XSCT server: xsct.bat -interactive C:\Users\samuk\Desktop\Johsul_harkka\temp_xsdb_launch_script.tcl
19:02:46 INFO  : XSCT server has started successfully.
19:02:46 INFO  : Successfully done setting XSCT server connection channel  
19:02:46 INFO  : Successfully done setting SDK workspace  
19:07:12 INFO  : Connected to target on host '127.0.0.1' and port '3121'.
19:07:18 INFO  : Connected to target on host '127.0.0.1' and port '3121'.
19:07:19 INFO  : Jtag cable 'Xilinx PYNQ-Z1 003017A6DDA7A' is selected.
19:07:19 INFO  : 'jtag frequency' command is executed.
19:07:19 INFO  : Sourcing of 'C:/Users/samuk/Desktop/Johsul_harkka/Exercise/ps7_init.tcl' is done.
19:07:20 INFO  : Context for 'APU' is selected.
19:07:20 INFO  : System reset is completed.
19:07:23 INFO  : 'after 3000' command is executed.
19:07:24 INFO  : 'targets -set -filter {jtag_cable_name =~ "Xilinx PYNQ-Z1 003017A6DDA7A" && level==0} -index 1' command is executed.
19:07:26 INFO  : FPGA configured successfully with bitstream "C:/Users/samuk/Desktop/Johsul_harkka/Exercise/top.bit"
19:07:26 INFO  : Context for 'APU' is selected.
19:07:26 INFO  : Hardware design information is loaded from 'C:/Users/samuk/Desktop/Johsul_harkka/Exercise/system.hdf'.
19:07:26 INFO  : 'configparams force-mem-access 1' command is executed.
19:07:26 INFO  : Context for 'APU' is selected.
19:07:27 INFO  : 'ps7_init' command is executed.
19:07:27 INFO  : 'ps7_post_config' command is executed.
19:07:27 INFO  : 'configparams force-mem-access 0' command is executed.
19:07:27 INFO  : ----------------XSDB Script----------------
connect -url tcp:127.0.0.1:3121
source C:/Users/samuk/Desktop/Johsul_harkka/Exercise/ps7_init.tcl
targets -set -nocase -filter {name =~"APU*" && jtag_cable_name =~ "Xilinx PYNQ-Z1 003017A6DDA7A"} -index 0
rst -system
after 3000
targets -set -filter {jtag_cable_name =~ "Xilinx PYNQ-Z1 003017A6DDA7A" && level==0} -index 1
fpga -file C:/Users/samuk/Desktop/Johsul_harkka/Exercise/top.bit
targets -set -nocase -filter {name =~"APU*" && jtag_cable_name =~ "Xilinx PYNQ-Z1 003017A6DDA7A"} -index 0
loadhw -hw C:/Users/samuk/Desktop/Johsul_harkka/Exercise/system.hdf -mem-ranges [list {0x40000000 0xbfffffff}]
configparams force-mem-access 1
targets -set -nocase -filter {name =~"APU*" && jtag_cable_name =~ "Xilinx PYNQ-Z1 003017A6DDA7A"} -index 0
ps7_init
ps7_post_config
configparams force-mem-access 0
----------------End of Script----------------

19:07:27 INFO  : Memory regions updated for context APU
19:07:27 INFO  : Launch script is exported to file 'C:\Users\samuk\Desktop\Johsul_harkka\.sdk\launch_scripts\xilinx_c-c++_application_(system_debugger)\system_debugger_using_debug_embedded_exercise.elf_on_local.tcl'
19:08:47 INFO  : Disconnected from the channel tcfchan#1.
19:08:48 INFO  : Connected to target on host '127.0.0.1' and port '3121'.
19:08:48 INFO  : Jtag cable 'Xilinx PYNQ-Z1 003017A6DDA7A' is selected.
19:08:48 INFO  : 'jtag frequency' command is executed.
19:08:48 INFO  : Sourcing of 'C:/Users/samuk/Desktop/Johsul_harkka/Exercise/ps7_init.tcl' is done.
19:08:48 INFO  : Context for 'APU' is selected.
19:08:48 INFO  : System reset is completed.
19:08:52 INFO  : 'after 3000' command is executed.
19:08:52 INFO  : 'targets -set -filter {jtag_cable_name =~ "Xilinx PYNQ-Z1 003017A6DDA7A" && level==0} -index 1' command is executed.
19:08:54 INFO  : FPGA configured successfully with bitstream "C:/Users/samuk/Desktop/Johsul_harkka/Exercise/top.bit"
19:08:54 INFO  : Context for 'APU' is selected.
19:08:56 INFO  : Hardware design information is loaded from 'C:/Users/samuk/Desktop/Johsul_harkka/Exercise/system.hdf'.
19:08:56 INFO  : 'configparams force-mem-access 1' command is executed.
19:08:56 INFO  : Context for 'APU' is selected.
19:08:57 INFO  : 'ps7_init' command is executed.
19:08:57 INFO  : 'ps7_post_config' command is executed.
19:08:57 INFO  : 'configparams force-mem-access 0' command is executed.
19:08:57 INFO  : ----------------XSDB Script----------------
connect -url tcp:127.0.0.1:3121
source C:/Users/samuk/Desktop/Johsul_harkka/Exercise/ps7_init.tcl
targets -set -nocase -filter {name =~"APU*" && jtag_cable_name =~ "Xilinx PYNQ-Z1 003017A6DDA7A"} -index 0
rst -system
after 3000
targets -set -filter {jtag_cable_name =~ "Xilinx PYNQ-Z1 003017A6DDA7A" && level==0} -index 1
fpga -file C:/Users/samuk/Desktop/Johsul_harkka/Exercise/top.bit
targets -set -nocase -filter {name =~"APU*" && jtag_cable_name =~ "Xilinx PYNQ-Z1 003017A6DDA7A"} -index 0
loadhw -hw C:/Users/samuk/Desktop/Johsul_harkka/Exercise/system.hdf -mem-ranges [list {0x40000000 0xbfffffff}]
configparams force-mem-access 1
targets -set -nocase -filter {name =~"APU*" && jtag_cable_name =~ "Xilinx PYNQ-Z1 003017A6DDA7A"} -index 0
ps7_init
ps7_post_config
configparams force-mem-access 0
----------------End of Script----------------

19:08:57 INFO  : Memory regions updated for context APU
19:08:57 INFO  : Launch script is exported to file 'C:\Users\samuk\Desktop\Johsul_harkka\.sdk\launch_scripts\xilinx_c-c++_application_(system_debugger)\system_debugger_using_debug_embedded_exercise.elf_on_local.tcl'
19:10:29 INFO  : Disconnected from the channel tcfchan#2.
19:10:30 INFO  : Connected to target on host '127.0.0.1' and port '3121'.
19:10:30 INFO  : Jtag cable 'Xilinx PYNQ-Z1 003017A6DDA7A' is selected.
19:10:30 INFO  : 'jtag frequency' command is executed.
19:10:30 INFO  : Sourcing of 'C:/Users/samuk/Desktop/Johsul_harkka/Exercise/ps7_init.tcl' is done.
19:10:30 INFO  : Context for 'APU' is selected.
19:10:31 INFO  : System reset is completed.
19:10:34 INFO  : 'after 3000' command is executed.
19:10:34 INFO  : 'targets -set -filter {jtag_cable_name =~ "Xilinx PYNQ-Z1 003017A6DDA7A" && level==0} -index 1' command is executed.
19:10:36 INFO  : FPGA configured successfully with bitstream "C:/Users/samuk/Desktop/Johsul_harkka/Exercise/top.bit"
19:10:36 INFO  : Context for 'APU' is selected.
19:10:39 INFO  : Hardware design information is loaded from 'C:/Users/samuk/Desktop/Johsul_harkka/Exercise/system.hdf'.
19:10:39 INFO  : 'configparams force-mem-access 1' command is executed.
19:10:39 INFO  : Context for 'APU' is selected.
19:10:40 INFO  : 'ps7_init' command is executed.
19:10:40 INFO  : 'ps7_post_config' command is executed.
19:10:40 INFO  : 'configparams force-mem-access 0' command is executed.
19:10:40 INFO  : ----------------XSDB Script----------------
connect -url tcp:127.0.0.1:3121
source C:/Users/samuk/Desktop/Johsul_harkka/Exercise/ps7_init.tcl
targets -set -nocase -filter {name =~"APU*" && jtag_cable_name =~ "Xilinx PYNQ-Z1 003017A6DDA7A"} -index 0
rst -system
after 3000
targets -set -filter {jtag_cable_name =~ "Xilinx PYNQ-Z1 003017A6DDA7A" && level==0} -index 1
fpga -file C:/Users/samuk/Desktop/Johsul_harkka/Exercise/top.bit
targets -set -nocase -filter {name =~"APU*" && jtag_cable_name =~ "Xilinx PYNQ-Z1 003017A6DDA7A"} -index 0
loadhw -hw C:/Users/samuk/Desktop/Johsul_harkka/Exercise/system.hdf -mem-ranges [list {0x40000000 0xbfffffff}]
configparams force-mem-access 1
targets -set -nocase -filter {name =~"APU*" && jtag_cable_name =~ "Xilinx PYNQ-Z1 003017A6DDA7A"} -index 0
ps7_init
ps7_post_config
configparams force-mem-access 0
----------------End of Script----------------

19:10:40 INFO  : Memory regions updated for context APU
19:10:40 INFO  : Launch script is exported to file 'C:\Users\samuk\Desktop\Johsul_harkka\.sdk\launch_scripts\xilinx_c-c++_application_(system_debugger)\system_debugger_using_debug_embedded_exercise.elf_on_local.tcl'
19:13:56 INFO  : Disconnected from the channel tcfchan#3.
19:13:57 INFO  : Connected to target on host '127.0.0.1' and port '3121'.
19:13:57 INFO  : Jtag cable 'Xilinx PYNQ-Z1 003017A6DDA7A' is selected.
19:13:57 INFO  : 'jtag frequency' command is executed.
19:13:57 INFO  : Sourcing of 'C:/Users/samuk/Desktop/Johsul_harkka/Exercise/ps7_init.tcl' is done.
19:13:57 INFO  : Context for 'APU' is selected.
19:13:57 INFO  : System reset is completed.
19:14:00 INFO  : 'after 3000' command is executed.
19:14:00 INFO  : 'targets -set -filter {jtag_cable_name =~ "Xilinx PYNQ-Z1 003017A6DDA7A" && level==0} -index 1' command is executed.
19:14:03 INFO  : FPGA configured successfully with bitstream "C:/Users/samuk/Desktop/Johsul_harkka/Exercise/top.bit"
19:14:03 INFO  : Context for 'APU' is selected.
19:14:05 INFO  : Hardware design information is loaded from 'C:/Users/samuk/Desktop/Johsul_harkka/Exercise/system.hdf'.
19:14:05 INFO  : 'configparams force-mem-access 1' command is executed.
19:14:05 INFO  : Context for 'APU' is selected.
19:14:06 INFO  : 'ps7_init' command is executed.
19:14:06 INFO  : 'ps7_post_config' command is executed.
19:14:06 INFO  : 'configparams force-mem-access 0' command is executed.
19:14:06 INFO  : ----------------XSDB Script----------------
connect -url tcp:127.0.0.1:3121
source C:/Users/samuk/Desktop/Johsul_harkka/Exercise/ps7_init.tcl
targets -set -nocase -filter {name =~"APU*" && jtag_cable_name =~ "Xilinx PYNQ-Z1 003017A6DDA7A"} -index 0
rst -system
after 3000
targets -set -filter {jtag_cable_name =~ "Xilinx PYNQ-Z1 003017A6DDA7A" && level==0} -index 1
fpga -file C:/Users/samuk/Desktop/Johsul_harkka/Exercise/top.bit
targets -set -nocase -filter {name =~"APU*" && jtag_cable_name =~ "Xilinx PYNQ-Z1 003017A6DDA7A"} -index 0
loadhw -hw C:/Users/samuk/Desktop/Johsul_harkka/Exercise/system.hdf -mem-ranges [list {0x40000000 0xbfffffff}]
configparams force-mem-access 1
targets -set -nocase -filter {name =~"APU*" && jtag_cable_name =~ "Xilinx PYNQ-Z1 003017A6DDA7A"} -index 0
ps7_init
ps7_post_config
configparams force-mem-access 0
----------------End of Script----------------

19:14:06 INFO  : Memory regions updated for context APU
19:14:06 INFO  : Launch script is exported to file 'C:\Users\samuk\Desktop\Johsul_harkka\.sdk\launch_scripts\xilinx_c-c++_application_(system_debugger)\system_debugger_using_debug_embedded_exercise.elf_on_local.tcl'
19:16:01 INFO  : Disconnected from the channel tcfchan#4.
19:16:26 INFO  : Registering command handlers for SDK TCF services
19:16:27 INFO  : Launching XSCT server: xsct.bat -interactive C:\Users\samuk\Desktop\Johsul_harkka\temp_xsdb_launch_script.tcl
19:16:29 INFO  : XSCT server has started successfully.
19:16:29 INFO  : Successfully done setting XSCT server connection channel  
19:16:29 INFO  : Successfully done setting SDK workspace  
